Arguments: 
  /usr/local/bin/node /opt/yarn-v1.22.19/bin/yarn.js add react@18.2.0 react-dom@18.2.0

PATH: 
  /opt/git/bin:/opt/git/bin:/usr/local/share/nvm/current/bin:/usr/local/share/npm-global/bin:/usr/local/sbin:/usr/local/bin:/usr/sbin:/usr/bin:/sbin:/bin:/root/.local/bin

Yarn version: 
  1.22.19

Node version: 
  20.12.0

Platform: 
  linux x64

Trace: 
  Error: ENOENT: no such file or directory, copyfile '/root/.cache/yarn/v6/npm-glob-parent-6.0.2-6d237d99083950c79290f24c7642a3de9a28f9e3-integrity/node_modules/glob-parent/LICENSE' -> '/project/workspace/node_modules/eslint/node_modules/glob-parent/LICENSE'

npm manifest: 
  {
    "name": "react-vite-ts",
    "private": true,
    "version": "0.0.0",
    "type": "module",
    "scripts": {
      "dev": "vite",
      "build": "tsc && vite build",
      "lint": "eslint . --ext ts,tsx --report-unused-disable-directives --max-warnings 0",
      "preview": "vite preview"
    },
    "dependencies": {
      "lucide-react": "0.474.0",
      "papaparse": "5.5.1",
      "react": "^19.0.0",
      "react-dom": "^19.0.0",
      "recharts": "2.15.0"
    },
    "devDependencies": {
      "@types/react": "^19.0.0",
      "@types/react-dom": "^19.0.0",
      "@typescript-eslint/eslint-plugin": "^8.17.0",
      "@typescript-eslint/parser": "^8.17.0",
      "@vitejs/plugin-react": "^4.3.4",
      "autoprefixer": "10.4.20",
      "eslint": "^9.16.0",
      "eslint-plugin-react-hooks": "^5.1.0",
      "eslint-plugin-react-refresh": "^0.4.16",
      "postcss": "8.4.49",
      "tailwindcss": "3.4.16",
      "typescript": "^5.7.2",
      "vite": "^6.0.3"
    }
  }

yarn manifest: 
  No manifest

Lockfile: 
  No lockfile
